#
# There is insufficient memory for the Java Runtime Environment to continue.
# Native memory allocation (mmap) failed to map 4128768 bytes. Error detail: G1 virtual space
# Possible reasons:
#   The system is out of physical RAM or swap space
#   This process is running with CompressedOops enabled, and the Java Heap may be blocking the growth of the native heap
# Possible solutions:
#   Reduce memory load on the system
#   Increase physical memory or swap space
#   Check if swap backing store is full
#   Decrease Java heap size (-Xmx/-Xms)
#   Decrease number of Java threads
#   Decrease Java thread stack sizes (-Xss)
#   Set larger code cache with -XX:ReservedCodeCacheSize=
#   JVM is running with Zero Based Compressed Oops mode in which the Java heap is
#     placed in the first 32GB address space. The Java Heap base address is the
#     maximum limit for the native heap growth. Please use -XX:HeapBaseMinAddress
#     to set the Java Heap base and to place the Java Heap above 32GB virtual address.
# This output file may be truncated or incomplete.
#
#  Out of Memory Error (os_windows.cpp:3554), pid=14252, tid=28140
#
# JRE version:  (25.0.1+8) (build )
# Java VM: Java HotSpot(TM) 64-Bit Server VM (25.0.1+8-LTS-27, mixed mode, sharing, tiered, compressed oops, compressed class ptrs, g1 gc, windows-amd64)
# No core dump will be written. Minidumps are not enabled by default on client versions of Windows
#

---------------  S U M M A R Y ------------

Command Line: 

Host: 13th Gen Intel(R) Core(TM) i5-13420H, 12 cores, 15G,  Windows 11 , 64 bit Build 26100 (10.0.26100.7019)
Time: Mon Dec 22 00:04:41 2025 India Standard Time elapsed time: 1.199274 seconds (0d 0h 0m 1s)

---------------  T H R E A D  ---------------

Current thread (0x000001fa86ad58a0):  JavaThread "Unknown thread" [_thread_in_vm, id=28140, stack(0x000000a011e00000,0x000000a011f00000) (1024K)]

Stack: [0x000000a011e00000,0x000000a011f00000]
Native frames: (J=compiled Java code, j=interpreted, Vv=VM code, C=native code)
V  [jvm.dll+0x7a6b59]  (no source info available)
V  [jvm.dll+0x77290d]  (no source info available)
V  [jvm.dll+0x966153]  (no source info available)
V  [jvm.dll+0x968751]  (no source info available)
V  [jvm.dll+0x968e53]  (no source info available)
V  [jvm.dll+0x2fc756]  (no source info available)
V  [jvm.dll+0x7a2d85]  (no source info available)
V  [jvm.dll+0x796197]  (no source info available)
V  [jvm.dll+0x3f4698]  (no source info available)
V  [jvm.dll+0x3fc5b6]  (no source info available)
V  [jvm.dll+0x3e8ca3]  (no source info available)
V  [jvm.dll+0x3e8f48]  (no source info available)
V  [jvm.dll+0x3c0045]  (no source info available)
V  [jvm.dll+0x3c0cce]  (no source info available)
V  [jvm.dll+0x92c837]  (no source info available)
V  [jvm.dll+0x458bc2]  (no source info available)
V  [jvm.dll+0x9101e2]  (no source info available)
V  [jvm.dll+0x4f9061]  (no source info available)
V  [jvm.dll+0x4fa8f1]  (no source info available)
C  [jli.dll+0x543e]  (no source info available)
C  [ucrtbase.dll+0x37b0]  (no source info available)
C  [KERNEL32.DLL+0x2e8d7]  (no source info available)
C  [ntdll.dll+0x8c53c]  (no source info available)

Lock stack of current Java thread (top to bottom):


---------------  P R O C E S S  ---------------

Threads class SMR info:
_java_thread_list=0x00007ffc5c555308, length=0, elements={
}

Java Threads: ( => current thread )
Total: 0

Other Threads:
  0x000001fa88705340 WorkerThread "GC Thread#0"                     [id=15248, stack(0x000000a011f00000,0x000000a012000000) (1024K)]
  0x000001fa8871dcf0 ConcurrentGCThread "G1 Main Marker"            [id=24776, stack(0x000000a012000000,0x000000a012100000) (1024K)]
  0x000001fa8871f780 WorkerThread "G1 Conc#0"                       [id=21400, stack(0x000000a012100000,0x000000a012200000) (1024K)]

[error occurred during error reporting (printing all threads), id 0xc0000005, EXCEPTION_ACCESS_VIOLATION (0xc0000005) at pc=0x00007ffc5bc34c2a]
VM state: not at safepoint (not fully initialized)

VM Mutex/Monitor currently owned by a thread:  ([mutex/lock_event])
[0x00007ffc5c5d9668] Heap_lock - owner thread: 0x000001fa86ad58a0

Heap address: 0x0000000704c00000, size: 4020 MB, Compressed Oops mode: Zero based, Oop shift amount: 3

CDS archive(s) mapped at: [0x0000000000000000-0x0000000000000000-0x0000000000000000), size 0, SharedBaseAddress: 0x0000000800000000, ArchiveRelocationMode: 1.
UseCompressedClassPointers 1, UseCompactObjectHeaders 0
Narrow klass pointer bits 32, Max shift 3
Narrow klass base: 0xffffffffffffffff, Narrow klass shift: -1
Encoding Range: [0xffffffffffffffff - 0x000000007fffffff), (2147483648 bytes)
Klass Range:    [0x0000000000000000 - 0x0000000000000000), (0 bytes)
Klass ID Range:  [4294967295 - 0) (1)
No protection zone.

GC Precious Log:
 CardTable entry size: 512
 Card Set container configuration: InlinePtr #cards 4 size 8 Array Of Cards #cards 16 size 48 Howl #buckets 8 coarsen threshold 3686 Howl Bitmap #cards 512 size 80 coarsen threshold 460 Card regions per heap region 1 cards per card region 4096

Heap:
 garbage-first heap   total reserved 4116480K, committed 0K, used 0K [0x0000000704c00000, 0x0000000800000000)
  region size 2048K, 0 young (0K), 0 survivors (0K)

Heap Regions: E=young(eden), S=young(survivor), O=old, HS=humongous(starts), HC=humongous(continues), CS=collection set, F=free, TAMS=top-at-mark-start, PB=parsable bottom

Card table byte_map: [0x000001faa1450000,0x000001faa1c30000] _byte_map_base: 0x000001fa9dc2a000

Marking Bits: (CMBitMap*) 0x000001fa88705ad0
 Bits: [0x000001faa1c30000, 0x000001faa5b00000)

GC Heap Usage History (0 events):
No events

Metaspace Usage History (0 events):
No events

Dll operation events (1 events):
Event: 0.083 Loaded shared library C:\Program Files\Java\jdk-25\bin\java.dll

Deoptimization events (0 events):
No events

Classes loaded (0 events):
No events

Classes unloaded (0 events):
No events

Classes redefined (0 events):
No events

Internal exceptions (0 events):
No events

VM Operations (0 events):
No events

Memory protections (0 events):
No events

Nmethod flushes (0 events):
No events

Events (0 events):
No events


Dynamic libraries:
0x00007ff640ab0000 - 0x00007ff640ac0000 	C:\Program Files\Java\jdk-25\bin\java.EXE
0x00007ffd8c560000 - 0x00007ffd8c7c8000 	C:\WINDOWS\SYSTEM32\ntdll.dll
0x00007ffd8ba20000 - 0x00007ffd8bae9000 	C:\WINDOWS\System32\KERNEL32.DLL
0x00007ffd89d80000 - 0x00007ffd8a178000 	C:\WINDOWS\System32\KERNELBASE.dll
0x00007ffd898d0000 - 0x00007ffd89a1b000 	C:\WINDOWS\System32\ucrtbase.dll
0x00007ffc86f40000 - 0x00007ffc86f57000 	C:\Program Files\Java\jdk-25\bin\jli.dll
0x00007ffc87270000 - 0x00007ffc8728e000 	C:\Program Files\Java\jdk-25\bin\VCRUNTIME140.dll
0x00007ffd8b040000 - 0x00007ffd8b207000 	C:\WINDOWS\System32\USER32.dll
0x00007ffd8a180000 - 0x00007ffd8a1a7000 	C:\WINDOWS\System32\win32u.dll
0x00007ffd8a300000 - 0x00007ffd8a32b000 	C:\WINDOWS\System32\GDI32.dll
0x00007ffd89c50000 - 0x00007ffd89d7c000 	C:\WINDOWS\System32\gdi32full.dll
0x00007ffd89820000 - 0x00007ffd898c3000 	C:\WINDOWS\System32\msvcp_win.dll
0x00007ffd6cb70000 - 0x00007ffd6ce04000 	C:\WINDOWS\WinSxS\amd64_microsoft.windows.common-controls_6595b64144ccf1df_6.0.26100.7019_none_3e06ffa0e335b8a8\COMCTL32.dll
0x00007ffd8af90000 - 0x00007ffd8b039000 	C:\WINDOWS\System32\msvcrt.dll
0x00007ffd8baf0000 - 0x00007ffd8bb21000 	C:\WINDOWS\System32\IMM32.DLL
0x00007ffc95560000 - 0x00007ffc9556c000 	C:\Program Files\Java\jdk-25\bin\vcruntime140_1.dll
0x00007ffc86eb0000 - 0x00007ffc86f3d000 	C:\Program Files\Java\jdk-25\bin\msvcp140.dll
0x00007ffc5b860000 - 0x00007ffc5c6bf000 	C:\Program Files\Java\jdk-25\bin\server\jvm.dll
0x00007ffd8a480000 - 0x00007ffd8a534000 	C:\WINDOWS\System32\ADVAPI32.dll
0x00007ffd8b970000 - 0x00007ffd8ba16000 	C:\WINDOWS\System32\sechost.dll
0x00007ffd8a780000 - 0x00007ffd8a898000 	C:\WINDOWS\System32\RPCRT4.dll
0x00007ffd8bfe0000 - 0x00007ffd8c054000 	C:\WINDOWS\System32\WS2_32.dll
0x00007ffd89510000 - 0x00007ffd8956e000 	C:\WINDOWS\SYSTEM32\POWRPROF.dll
0x00007ffd7e5f0000 - 0x00007ffd7e625000 	C:\WINDOWS\SYSTEM32\WINMM.dll
0x00007ffd6e710000 - 0x00007ffd6e71b000 	C:\WINDOWS\SYSTEM32\VERSION.dll
0x00007ffd894f0000 - 0x00007ffd89504000 	C:\WINDOWS\SYSTEM32\UMPDC.dll
0x00007ffd88450000 - 0x00007ffd8846b000 	C:\WINDOWS\SYSTEM32\kernel.appcore.dll
0x00007ffc875b0000 - 0x00007ffc875ba000 	C:\Program Files\Java\jdk-25\bin\jimage.dll
0x00007ffd86de0000 - 0x00007ffd87022000 	C:\WINDOWS\SYSTEM32\DBGHELP.DLL
0x00007ffd8bb30000 - 0x00007ffd8bebb000 	C:\WINDOWS\System32\combase.dll
0x00007ffd8a5c0000 - 0x00007ffd8a697000 	C:\WINDOWS\System32\OLEAUT32.dll
0x00007ffd6a960000 - 0x00007ffd6a99c000 	C:\WINDOWS\SYSTEM32\dbgcore.DLL
0x00007ffd89ba0000 - 0x00007ffd89c45000 	C:\WINDOWS\System32\bcryptPrimitives.dll
0x00007ffc86e90000 - 0x00007ffc86eaf000 	C:\Program Files\Java\jdk-25\bin\java.dll
0x00007ffd8c060000 - 0x00007ffd8c1f7000 	C:\WINDOWS\System32\ole32.dll
0x00007ffd8b210000 - 0x00007ffd8b95f000 	C:\WINDOWS\System32\SHELL32.dll
0x00007ffd896b0000 - 0x00007ffd8981b000 	C:\WINDOWS\System32\wintypes.dll

JVMTI agents: none

dbghelp: loaded successfully - version: 4.0.5 - missing functions: none
symbol engine: initialized successfully - sym options: 0x614 - pdb path: .;C:\Program Files\Java\jdk-25\bin;C:\WINDOWS\SYSTEM32;C:\WINDOWS\WinSxS\amd64_microsoft.windows.common-controls_6595b64144ccf1df_6.0.26100.7019_none_3e06ffa0e335b8a8;C:\Program Files\Java\jdk-25\bin\server

VM Arguments:
java_command: <unknown>
java_class_path (initial): <not set>
Launcher Type: SUN_STANDARD

[Global flags]
     intx CICompilerCount                          = 4                                         {product} {ergonomic}
     uint ConcGCThreads                            = 3                                         {product} {ergonomic}
     uint G1ConcRefinementThreads                  = 10                                        {product} {ergonomic}
   size_t G1HeapRegionSize                         = 2097152                                   {product} {ergonomic}
   size_t InitialHeapSize                          = 264241152                                 {product} {ergonomic}
   size_t MarkStackSize                            = 4194304                                   {product} {ergonomic}
   size_t MarkStackSizeMax                         = 536870912                                 {product} {ergonomic}
   size_t MaxHeapSize                              = 4215275520                                {product} {ergonomic}
   size_t MinHeapDeltaBytes                        = 2097152                                   {product} {ergonomic}
   size_t MinHeapSize                              = 8388608                                   {product} {ergonomic}
    uintx NonNMethodCodeHeapSize                   = 5832704                                {pd product} {ergonomic}
    uintx NonProfiledCodeHeapSize                  = 122945536                              {pd product} {ergonomic}
    uintx ProfiledCodeHeapSize                     = 122880000                              {pd product} {ergonomic}
    uintx ReservedCodeCacheSize                    = 251658240                              {pd product} {ergonomic}
     bool SegmentedCodeCache                       = true                                      {product} {ergonomic}
   size_t SoftMaxHeapSize                          = 4215275520                             {manageable} {ergonomic}
     bool UseCompressedOops                        = true                           {product lp64_product} {ergonomic}
     bool UseG1GC                                  = true                                      {product} {ergonomic}
     bool UseLargePagesIndividualAllocation        = false                                  {pd product} {ergonomic}

Logging:
Log output configuration:
 #0: stdout all=warning uptime,level,tags foldmultilines=false
 #1: stderr all=off uptime,level,tags foldmultilines=false

Release file:
<release file has not been read>
Environment Variables:
PATH=C:\Program Files\Common Files\Oracle\Java\javapath;C:\WINDOWS\system32;C:\WINDOWS;C:\WINDOWS\System32\Wbem;C:\WINDOWS\System32\WindowsPowerShell\v1.0\;C:\WINDOWS\System32\OpenSSH\;C:\MinGW\bin;C:\Users\prana\AppData\Local\Packages\PythonSoftwareFoundation.Python.3.13_qbz5n2kfra8p0\LocalCache\local-packages\Python313\Scripts;C:\Program Files\Git\cmd;C:\Program Files\cursor\resources\app\bin;C:\Program Files\nodejs\;C:\Users\prana\AppData\Local\Programs\Python\Launcher\;C:\Users\prana\AppData\Local\Microsoft\WindowsApps;C:\Users\prana\AppData\Local\Programs\Microsoft VS Code\bin;C:\Users\prana\AppData\Local\Programs\Windsurf\bin;C:\Users\prana\AppData\Roaming\npm;c:\Users\prana\.windsurf\extensions\ms-python.debugpy-2025.14.1-win32-x64\bundled\scripts\noConfigScripts
USERNAME=prana
LANG=en_US.UTF-8
OS=Windows_NT
PROCESSOR_IDENTIFIER=Intel64 Family 6 Model 186 Stepping 2, GenuineIntel
TMP=C:\Users\prana\AppData\Local\Temp
TEMP=C:\Users\prana\AppData\Local\Temp




Compilation memory statistics disabled.

Periodic native trim disabled

---------------  S Y S T E M  ---------------

OS:
 Windows 11 , 64 bit Build 26100 (10.0.26100.7019)
OS uptime: 14 days 18:38 hours
Hyper-V role detected

CPU: total 12 (initial active 12) (6 cores per cpu, 2 threads per core) family 6 model 186 stepping 2 microcode 0x4112, cx8, cmov, fxsr, ht, mmx, 3dnowpref, sse, sse2, sse3, ssse3, sse4.1, sse4.2, popcnt, lzcnt, tsc, tscinvbit, avx, avx2, aes, erms, clmul, bmi1, bmi2, adx, sha, fma, vzeroupper, clflush, clflushopt, clwb, hv, serialize, rdtscp, rdpid, fsrm, gfni, f16c, cet_ibt, cet_ss
Processor Information for processor 0
  Max Mhz: 2100, Current Mhz: 2100, Mhz Limit: 2100
Processor Information for processor 1
  Max Mhz: 2100, Current Mhz: 2100, Mhz Limit: 2100
Processor Information for processor 2
  Max Mhz: 2100, Current Mhz: 2100, Mhz Limit: 2100
Processor Information for processor 3
  Max Mhz: 2100, Current Mhz: 2100, Mhz Limit: 2100
Processor Information for processor 4
  Max Mhz: 2100, Current Mhz: 2100, Mhz Limit: 2100
Processor Information for processor 5
  Max Mhz: 2100, Current Mhz: 2100, Mhz Limit: 2100
Processor Information for processor 6
  Max Mhz: 2100, Current Mhz: 2100, Mhz Limit: 2100
Processor Information for processor 7
  Max Mhz: 2100, Current Mhz: 2100, Mhz Limit: 2100
Processor Information for processor 8
  Max Mhz: 2100, Current Mhz: 1500, Mhz Limit: 1491
Processor Information for processor 9
  Max Mhz: 2100, Current Mhz: 1500, Mhz Limit: 1491
Processor Information for processor 10
  Max Mhz: 2100, Current Mhz: 1500, Mhz Limit: 1491
Processor Information for processor 11
  Max Mhz: 2100, Current Mhz: 1500, Mhz Limit: 1491

Memory: 4k page, system-wide physical 16076M (1383M free)
TotalPageFile size 65228M (AvailPageFile size 3M)
current process WorkingSet (physical memory assigned to process): 14M, peak: 14M
current process commit charge ("private bytes"): 317M, peak: 321M

vm_info: Java HotSpot(TM) 64-Bit Server VM (25.0.1+8-LTS-27) for windows-amd64 JRE (25.0.1+8-LTS-27), built on 2025-09-25T16:41:16Z with unknown MS VC++:1943

END.
