#
# There is insufficient memory for the Java Runtime Environment to continue.
# Native memory allocation (malloc) failed to allocate 1579160 bytes. Error detail: Chunk::new
# Possible reasons:
#   The system is out of physical RAM or swap space
#   This process is running with CompressedOops enabled, and the Java Heap may be blocking the growth of the native heap
# Possible solutions:
#   Reduce memory load on the system
#   Increase physical memory or swap space
#   Check if swap backing store is full
#   Decrease Java heap size (-Xmx/-Xms)
#   Decrease number of Java threads
#   Decrease Java thread stack sizes (-Xss)
#   Set larger code cache with -XX:ReservedCodeCacheSize=
#   JVM is running with Zero Based Compressed Oops mode in which the Java heap is
#     placed in the first 32GB address space. The Java Heap base address is the
#     maximum limit for the native heap growth. Please use -XX:HeapBaseMinAddress
#     to set the Java Heap base and to place the Java Heap above 32GB virtual address.
# This output file may be truncated or incomplete.
#
#  Out of Memory Error (arena.cpp:186), pid=25356, tid=21436
#
# JRE version: Java(TM) SE Runtime Environment (25.0.1+8) (build 25.0.1+8-LTS-27)
# Java VM: Java HotSpot(TM) 64-Bit Server VM (25.0.1+8-LTS-27, mixed mode, sharing, tiered, compressed oops, compressed class ptrs, g1 gc, windows-amd64)
# No core dump will be written. Minidumps are not enabled by default on client versions of Windows
#

---------------  S U M M A R Y ------------

Command Line: org.languagetool.server.HTTPServer -p 8373

Host: 13th Gen Intel(R) Core(TM) i5-13420H, 12 cores, 15G,  Windows 11 , 64 bit Build 26100 (10.0.26100.7019)
Time: Mon Dec 22 00:04:39 2025 India Standard Time elapsed time: 9.561333 seconds (0d 0h 0m 9s)

---------------  T H R E A D  ---------------

Current thread (0x000002587e32d0e0):  JavaThread "C2 CompilerThread0" daemon [_thread_in_native, id=21436, stack(0x000000c686a00000,0x000000c686b00000) (1024K)]


Current CompileTask:
C2:9561 1546       4       java.util.jar.JarFile::getVersionedEntry (114 bytes)

Stack: [0x000000c686a00000,0x000000c686b00000]
Native frames: (J=compiled Java code, j=interpreted, Vv=VM code, C=native code)
V  [jvm.dll+0x7a6b59]  (no source info available)
V  [jvm.dll+0x77290d]  (no source info available)
V  [jvm.dll+0x966153]  (no source info available)
V  [jvm.dll+0x968751]  (no source info available)
V  [jvm.dll+0x968e53]  (no source info available)
V  [jvm.dll+0x2fc756]  (no source info available)
V  [jvm.dll+0x111b26]  (no source info available)
V  [jvm.dll+0x111e4e]  (no source info available)
V  [jvm.dll+0x1a0a22]  (no source info available)
V  [jvm.dll+0x3b53c2]  (no source info available)
V  [jvm.dll+0x7ac4ef]  (no source info available)
V  [jvm.dll+0x2c0ac7]  (no source info available)
V  [jvm.dll+0x2bfa8f]  (no source info available)
V  [jvm.dll+0x237b60]  (no source info available)
V  [jvm.dll+0x2cfb56]  (no source info available)
V  [jvm.dll+0x2cddd5]  (no source info available)
V  [jvm.dll+0x48e6d1]  (no source info available)
V  [jvm.dll+0x906a0d]  (no source info available)
V  [jvm.dll+0x7a5135]  (no source info available)
C  [ucrtbase.dll+0x37b0]  (no source info available)
C  [KERNEL32.DLL+0x2e8d7]  (no source info available)
C  [ntdll.dll+0x8c53c]  (no source info available)

Lock stack of current Java thread (top to bottom):


---------------  P R O C E S S  ---------------

Threads class SMR info:
_java_thread_list=0x000002587e3d4380, length=13, elements={
0x000002585c5d65a0, 0x000002587e31a1e0, 0x000002587e31b7c0, 0x000002587e31e060,
0x000002587e31ec20, 0x000002587e31f7e0, 0x000002587e3203a0, 0x000002587e32d0e0,
0x000002587e350a60, 0x000002587e40ddc0, 0x000002587e41b1d0, 0x000002587e3d44b0,
0x000002587e5d6350
}

Java Threads: ( => current thread )
  0x000002585c5d65a0 JavaThread "main"                              [_thread_in_native, id=23872, stack(0x000000c685c00000,0x000000c685d00000) (1024K)]
  0x000002587e31a1e0 JavaThread "Reference Handler"          daemon [_thread_blocked, id=44880, stack(0x000000c686400000,0x000000c686500000) (1024K)]
  0x000002587e31b7c0 JavaThread "Finalizer"                  daemon [_thread_blocked, id=13788, stack(0x000000c686500000,0x000000c686600000) (1024K)]
  0x000002587e31e060 JavaThread "Signal Dispatcher"          daemon [_thread_blocked, id=46156, stack(0x000000c686600000,0x000000c686700000) (1024K)]
  0x000002587e31ec20 JavaThread "Attach Listener"            daemon [_thread_blocked, id=32016, stack(0x000000c686700000,0x000000c686800000) (1024K)]
  0x000002587e31f7e0 JavaThread "Service Thread"             daemon [_thread_blocked, id=48108, stack(0x000000c686800000,0x000000c686900000) (1024K)]
  0x000002587e3203a0 JavaThread "Monitor Deflation Thread"   daemon [_thread_blocked, id=25076, stack(0x000000c686900000,0x000000c686a00000) (1024K)]
=>0x000002587e32d0e0 JavaThread "C2 CompilerThread0"         daemon [_thread_in_native, id=21436, stack(0x000000c686a00000,0x000000c686b00000) (1024K)]
  0x000002587e350a60 JavaThread "C1 CompilerThread0"         daemon [_thread_blocked, id=42528, stack(0x000000c686b00000,0x000000c686c00000) (1024K)]
  0x000002587e40ddc0 JavaThread "Notification Thread"        daemon [_thread_blocked, id=29836, stack(0x000000c686c00000,0x000000c686d00000) (1024K)]
  0x000002587e41b1d0 JavaThread "Common-Cleaner"             daemon [_thread_blocked, id=24340, stack(0x000000c686d00000,0x000000c686e00000) (1024K)]
  0x000002587e3d44b0 JavaThread "LtThreadPoolMonitor"        daemon [_thread_blocked, id=42092, stack(0x000000c686f00000,0x000000c687000000) (1024K)]
  0x000002587e5d6350 JavaThread "LtThreadPoolExecutorMonitor" daemon [_thread_blocked, id=47428, stack(0x000000c687000000,0x000000c687100000) (1024K)]
Total: 13

Other Threads:
  0x000002587e306cb0 VMThread "VM Thread"                           [id=31588, stack(0x000000c686300000,0x000000c686400000) (1024K)]
  0x000002587e1cbd30 WatcherThread "VM Periodic Task Thread"        [id=19532, stack(0x000000c686200000,0x000000c686300000) (1024K)]
  0x000002585eb041d0 WorkerThread "GC Thread#0"                     [id=31792, stack(0x000000c685d00000,0x000000c685e00000) (1024K)]
  0x000002585eb1db90 ConcurrentGCThread "G1 Main Marker"            [id=3584, stack(0x000000c685e00000,0x000000c685f00000) (1024K)]
  0x000002585eb1f620 WorkerThread "G1 Conc#0"                       [id=29540, stack(0x000000c685f00000,0x000000c686000000) (1024K)]
  0x000002587e1b9cd0 ConcurrentGCThread "G1 Refine#0"               [id=2336, stack(0x000000c686000000,0x000000c686100000) (1024K)]
  0x000002587e1bc5a0 ConcurrentGCThread "G1 Service"                [id=23980, stack(0x000000c686100000,0x000000c686200000) (1024K)]
Total: 7

Threads with active compile tasks:
C2 CompilerThread0  9787 1546       4       java.util.jar.JarFile::getVersionedEntry (114 bytes)
Total: 1

VM state: not at safepoint (normal execution)

VM Mutex/Monitor currently owned by a thread: None

Heap address: 0x0000000704c00000, size: 4020 MB, Compressed Oops mode: Zero based, Oop shift amount: 3

CDS archive(s) mapped at: [0x000000009d000000-0x000000009ddd0000-0x000000009ddd0000), size 14483456, SharedBaseAddress: 0x000000009d000000, ArchiveRelocationMode: 1.
Compressed class space mapped at: 0x000000009e000000-0x00000000de000000, reserved size: 1073741824
UseCompressedClassPointers 1, UseCompactObjectHeaders 0
Narrow klass pointer bits 32, Max shift 3
Narrow klass base: 0x000000009d000000, Narrow klass shift: 0
Encoding Range: [0x000000009d000000 - 0x000000019d000000), (4294967296 bytes)
Klass Range:    [0x000000009d010000 - 0x00000000de000000), (1090453504 bytes)
Klass ID Range:  [65536 - 1090519033) (1090453497)
Protection zone: [0x000000009d000000 - 0x000000009d010000), (65536 bytes)

GC Precious Log:
 CardTable entry size: 512
 Card Set container configuration: InlinePtr #cards 4 size 8 Array Of Cards #cards 16 size 48 Howl #buckets 8 coarsen threshold 3686 Howl Bitmap #cards 512 size 80 coarsen threshold 460 Card regions per heap region 1 cards per card region 4096
 CPUs: 12 total, 12 available
 Memory: 16076M
 Large Page Support: Disabled
 NUMA Support: Disabled
 Compressed Oops: Enabled (Zero based)
 Heap Region Size: 2M
 Heap Min Capacity: 8M
 Heap Initial Capacity: 252M
 Heap Max Capacity: 4020M
 Pre-touch: Disabled
 Parallel Workers: 10
 Concurrent Workers: 3
 Concurrent Refinement Workers: 10
 Periodic GC: Disabled

Heap:
 garbage-first heap   total reserved 4116480K, committed 260096K, used 27797K [0x0000000704c00000, 0x0000000800000000)
  region size 2048K, 15 young (30720K), 0 survivors (0K)

Heap Regions: E=young(eden), S=young(survivor), O=old, HS=humongous(starts), HC=humongous(continues), CS=collection set, F=free, TAMS=top-at-mark-start, PB=parsable bottom
|   0|0x0000000704c00000, 0x0000000704c00000, 0x0000000704e00000|  0%| F|  |TAMS 0x0000000704c00000| PB 0x0000000704c00000| Untracked |  0
|   1|0x0000000704e00000, 0x0000000704e00000, 0x0000000705000000|  0%| F|  |TAMS 0x0000000704e00000| PB 0x0000000704e00000| Untracked |  0
|   2|0x0000000705000000, 0x0000000705000000, 0x0000000705200000|  0%| F|  |TAMS 0x0000000705000000| PB 0x0000000705000000| Untracked |  0
|   3|0x0000000705200000, 0x0000000705200000, 0x0000000705400000|  0%| F|  |TAMS 0x0000000705200000| PB 0x0000000705200000| Untracked |  0
|   4|0x0000000705400000, 0x0000000705400000, 0x0000000705600000|  0%| F|  |TAMS 0x0000000705400000| PB 0x0000000705400000| Untracked |  0
|   5|0x0000000705600000, 0x0000000705600000, 0x0000000705800000|  0%| F|  |TAMS 0x0000000705600000| PB 0x0000000705600000| Untracked |  0
|   6|0x0000000705800000, 0x0000000705800000, 0x0000000705a00000|  0%| F|  |TAMS 0x0000000705800000| PB 0x0000000705800000| Untracked |  0
|   7|0x0000000705a00000, 0x0000000705a00000, 0x0000000705c00000|  0%| F|  |TAMS 0x0000000705a00000| PB 0x0000000705a00000| Untracked |  0
|   8|0x0000000705c00000, 0x0000000705c00000, 0x0000000705e00000|  0%| F|  |TAMS 0x0000000705c00000| PB 0x0000000705c00000| Untracked |  0
|   9|0x0000000705e00000, 0x0000000705e00000, 0x0000000706000000|  0%| F|  |TAMS 0x0000000705e00000| PB 0x0000000705e00000| Untracked |  0
|  10|0x0000000706000000, 0x0000000706000000, 0x0000000706200000|  0%| F|  |TAMS 0x0000000706000000| PB 0x0000000706000000| Untracked |  0
|  11|0x0000000706200000, 0x0000000706200000, 0x0000000706400000|  0%| F|  |TAMS 0x0000000706200000| PB 0x0000000706200000| Untracked |  0
|  12|0x0000000706400000, 0x0000000706400000, 0x0000000706600000|  0%| F|  |TAMS 0x0000000706400000| PB 0x0000000706400000| Untracked |  0
|  13|0x0000000706600000, 0x0000000706600000, 0x0000000706800000|  0%| F|  |TAMS 0x0000000706600000| PB 0x0000000706600000| Untracked |  0
|  14|0x0000000706800000, 0x0000000706800000, 0x0000000706a00000|  0%| F|  |TAMS 0x0000000706800000| PB 0x0000000706800000| Untracked |  0
|  15|0x0000000706a00000, 0x0000000706a00000, 0x0000000706c00000|  0%| F|  |TAMS 0x0000000706a00000| PB 0x0000000706a00000| Untracked |  0
|  16|0x0000000706c00000, 0x0000000706c00000, 0x0000000706e00000|  0%| F|  |TAMS 0x0000000706c00000| PB 0x0000000706c00000| Untracked |  0
|  17|0x0000000706e00000, 0x0000000706e00000, 0x0000000707000000|  0%| F|  |TAMS 0x0000000706e00000| PB 0x0000000706e00000| Untracked |  0
|  18|0x0000000707000000, 0x0000000707000000, 0x0000000707200000|  0%| F|  |TAMS 0x0000000707000000| PB 0x0000000707000000| Untracked |  0
|  19|0x0000000707200000, 0x0000000707200000, 0x0000000707400000|  0%| F|  |TAMS 0x0000000707200000| PB 0x0000000707200000| Untracked |  0
|  20|0x0000000707400000, 0x0000000707400000, 0x0000000707600000|  0%| F|  |TAMS 0x0000000707400000| PB 0x0000000707400000| Untracked |  0
|  21|0x0000000707600000, 0x0000000707600000, 0x0000000707800000|  0%| F|  |TAMS 0x0000000707600000| PB 0x0000000707600000| Untracked |  0
|  22|0x0000000707800000, 0x0000000707800000, 0x0000000707a00000|  0%| F|  |TAMS 0x0000000707800000| PB 0x0000000707800000| Untracked |  0
|  23|0x0000000707a00000, 0x0000000707a00000, 0x0000000707c00000|  0%| F|  |TAMS 0x0000000707a00000| PB 0x0000000707a00000| Untracked |  0
|  24|0x0000000707c00000, 0x0000000707c00000, 0x0000000707e00000|  0%| F|  |TAMS 0x0000000707c00000| PB 0x0000000707c00000| Untracked |  0
|  25|0x0000000707e00000, 0x0000000707e00000, 0x0000000708000000|  0%| F|  |TAMS 0x0000000707e00000| PB 0x0000000707e00000| Untracked |  0
|  26|0x0000000708000000, 0x0000000708000000, 0x0000000708200000|  0%| F|  |TAMS 0x0000000708000000| PB 0x0000000708000000| Untracked |  0
|  27|0x0000000708200000, 0x0000000708200000, 0x0000000708400000|  0%| F|  |TAMS 0x0000000708200000| PB 0x0000000708200000| Untracked |  0
|  28|0x0000000708400000, 0x0000000708400000, 0x0000000708600000|  0%| F|  |TAMS 0x0000000708400000| PB 0x0000000708400000| Untracked |  0
|  29|0x0000000708600000, 0x0000000708600000, 0x0000000708800000|  0%| F|  |TAMS 0x0000000708600000| PB 0x0000000708600000| Untracked |  0
|  30|0x0000000708800000, 0x0000000708800000, 0x0000000708a00000|  0%| F|  |TAMS 0x0000000708800000| PB 0x0000000708800000| Untracked |  0
|  31|0x0000000708a00000, 0x0000000708a00000, 0x0000000708c00000|  0%| F|  |TAMS 0x0000000708a00000| PB 0x0000000708a00000| Untracked |  0
|  32|0x0000000708c00000, 0x0000000708c00000, 0x0000000708e00000|  0%| F|  |TAMS 0x0000000708c00000| PB 0x0000000708c00000| Untracked |  0
|  33|0x0000000708e00000, 0x0000000708e00000, 0x0000000709000000|  0%| F|  |TAMS 0x0000000708e00000| PB 0x0000000708e00000| Untracked |  0
|  34|0x0000000709000000, 0x0000000709000000, 0x0000000709200000|  0%| F|  |TAMS 0x0000000709000000| PB 0x0000000709000000| Untracked |  0
|  35|0x0000000709200000, 0x0000000709200000, 0x0000000709400000|  0%| F|  |TAMS 0x0000000709200000| PB 0x0000000709200000| Untracked |  0
|  36|0x0000000709400000, 0x0000000709400000, 0x0000000709600000|  0%| F|  |TAMS 0x0000000709400000| PB 0x0000000709400000| Untracked |  0
|  37|0x0000000709600000, 0x0000000709600000, 0x0000000709800000|  0%| F|  |TAMS 0x0000000709600000| PB 0x0000000709600000| Untracked |  0
|  38|0x0000000709800000, 0x0000000709800000, 0x0000000709a00000|  0%| F|  |TAMS 0x0000000709800000| PB 0x0000000709800000| Untracked |  0
|  39|0x0000000709a00000, 0x0000000709a00000, 0x0000000709c00000|  0%| F|  |TAMS 0x0000000709a00000| PB 0x0000000709a00000| Untracked |  0
|  40|0x0000000709c00000, 0x0000000709c00000, 0x0000000709e00000|  0%| F|  |TAMS 0x0000000709c00000| PB 0x0000000709c00000| Untracked |  0
|  41|0x0000000709e00000, 0x0000000709e00000, 0x000000070a000000|  0%| F|  |TAMS 0x0000000709e00000| PB 0x0000000709e00000| Untracked |  0
|  42|0x000000070a000000, 0x000000070a000000, 0x000000070a200000|  0%| F|  |TAMS 0x000000070a000000| PB 0x000000070a000000| Untracked |  0
|  43|0x000000070a200000, 0x000000070a200000, 0x000000070a400000|  0%| F|  |TAMS 0x000000070a200000| PB 0x000000070a200000| Untracked |  0
|  44|0x000000070a400000, 0x000000070a400000, 0x000000070a600000|  0%| F|  |TAMS 0x000000070a400000| PB 0x000000070a400000| Untracked |  0
|  45|0x000000070a600000, 0x000000070a600000, 0x000000070a800000|  0%| F|  |TAMS 0x000000070a600000| PB 0x000000070a600000| Untracked |  0
|  46|0x000000070a800000, 0x000000070a800000, 0x000000070aa00000|  0%| F|  |TAMS 0x000000070a800000| PB 0x000000070a800000| Untracked |  0
|  47|0x000000070aa00000, 0x000000070aa00000, 0x000000070ac00000|  0%| F|  |TAMS 0x000000070aa00000| PB 0x000000070aa00000| Untracked |  0
|  48|0x000000070ac00000, 0x000000070ac00000, 0x000000070ae00000|  0%| F|  |TAMS 0x000000070ac00000| PB 0x000000070ac00000| Untracked |  0
|  49|0x000000070ae00000, 0x000000070ae00000, 0x000000070b000000|  0%| F|  |TAMS 0x000000070ae00000| PB 0x000000070ae00000| Untracked |  0
|  50|0x000000070b000000, 0x000000070b000000, 0x000000070b200000|  0%| F|  |TAMS 0x000000070b000000| PB 0x000000070b000000| Untracked |  0
|  51|0x000000070b200000, 0x000000070b200000, 0x000000070b400000|  0%| F|  |TAMS 0x000000070b200000| PB 0x000000070b200000| Untracked |  0
|  52|0x000000070b400000, 0x000000070b400000, 0x000000070b600000|  0%| F|  |TAMS 0x000000070b400000| PB 0x000000070b400000| Untracked |  0
|  53|0x000000070b600000, 0x000000070b600000, 0x000000070b800000|  0%| F|  |TAMS 0x000000070b600000| PB 0x000000070b600000| Untracked |  0
|  54|0x000000070b800000, 0x000000070b800000, 0x000000070ba00000|  0%| F|  |TAMS 0x000000070b800000| PB 0x000000070b800000| Untracked |  0
|  55|0x000000070ba00000, 0x000000070ba00000, 0x000000070bc00000|  0%| F|  |TAMS 0x000000070ba00000| PB 0x000000070ba00000| Untracked |  0
|  56|0x000000070bc00000, 0x000000070bc00000, 0x000000070be00000|  0%| F|  |TAMS 0x000000070bc00000| PB 0x000000070bc00000| Untracked |  0
|  57|0x000000070be00000, 0x000000070be00000, 0x000000070c000000|  0%| F|  |TAMS 0x000000070be00000| PB 0x000000070be00000| Untracked |  0
|  58|0x000000070c000000, 0x000000070c000000, 0x000000070c200000|  0%| F|  |TAMS 0x000000070c000000| PB 0x000000070c000000| Untracked |  0
|  59|0x000000070c200000, 0x000000070c200000, 0x000000070c400000|  0%| F|  |TAMS 0x000000070c200000| PB 0x000000070c200000| Untracked |  0
|  60|0x000000070c400000, 0x000000070c400000, 0x000000070c600000|  0%| F|  |TAMS 0x000000070c400000| PB 0x000000070c400000| Untracked |  0
|  61|0x000000070c600000, 0x000000070c600000, 0x000000070c800000|  0%| F|  |TAMS 0x000000070c600000| PB 0x000000070c600000| Untracked |  0
|  62|0x000000070c800000, 0x000000070c800000, 0x000000070ca00000|  0%| F|  |TAMS 0x000000070c800000| PB 0x000000070c800000| Untracked |  0
|  63|0x000000070ca00000, 0x000000070ca00000, 0x000000070cc00000|  0%| F|  |TAMS 0x000000070ca00000| PB 0x000000070ca00000| Untracked |  0
|  64|0x000000070cc00000, 0x000000070cc00000, 0x000000070ce00000|  0%| F|  |TAMS 0x000000070cc00000| PB 0x000000070cc00000| Untracked |  0
|  65|0x000000070ce00000, 0x000000070ce00000, 0x000000070d000000|  0%| F|  |TAMS 0x000000070ce00000| PB 0x000000070ce00000| Untracked |  0
|  66|0x000000070d000000, 0x000000070d000000, 0x000000070d200000|  0%| F|  |TAMS 0x000000070d000000| PB 0x000000070d000000| Untracked |  0
|  67|0x000000070d200000, 0x000000070d200000, 0x000000070d400000|  0%| F|  |TAMS 0x000000070d200000| PB 0x000000070d200000| Untracked |  0
|  68|0x000000070d400000, 0x000000070d400000, 0x000000070d600000|  0%| F|  |TAMS 0x000000070d400000| PB 0x000000070d400000| Untracked |  0
|  69|0x000000070d600000, 0x000000070d600000, 0x000000070d800000|  0%| F|  |TAMS 0x000000070d600000| PB 0x000000070d600000| Untracked |  0
|  70|0x000000070d800000, 0x000000070d800000, 0x000000070da00000|  0%| F|  |TAMS 0x000000070d800000| PB 0x000000070d800000| Untracked |  0
|  71|0x000000070da00000, 0x000000070da00000, 0x000000070dc00000|  0%| F|  |TAMS 0x000000070da00000| PB 0x000000070da00000| Untracked |  0
|  72|0x000000070dc00000, 0x000000070dc00000, 0x000000070de00000|  0%| F|  |TAMS 0x000000070dc00000| PB 0x000000070dc00000| Untracked |  0
|  73|0x000000070de00000, 0x000000070de00000, 0x000000070e000000|  0%| F|  |TAMS 0x000000070de00000| PB 0x000000070de00000| Untracked |  0
|  74|0x000000070e000000, 0x000000070e000000, 0x000000070e200000|  0%| F|  |TAMS 0x000000070e000000| PB 0x000000070e000000| Untracked |  0
|  75|0x000000070e200000, 0x000000070e200000, 0x000000070e400000|  0%| F|  |TAMS 0x000000070e200000| PB 0x000000070e200000| Untracked |  0
|  76|0x000000070e400000, 0x000000070e400000, 0x000000070e600000|  0%| F|  |TAMS 0x000000070e400000| PB 0x000000070e400000| Untracked |  0
|  77|0x000000070e600000, 0x000000070e600000, 0x000000070e800000|  0%| F|  |TAMS 0x000000070e600000| PB 0x000000070e600000| Untracked |  0
|  78|0x000000070e800000, 0x000000070e800000, 0x000000070ea00000|  0%| F|  |TAMS 0x000000070e800000| PB 0x000000070e800000| Untracked |  0
|  79|0x000000070ea00000, 0x000000070ea00000, 0x000000070ec00000|  0%| F|  |TAMS 0x000000070ea00000| PB 0x000000070ea00000| Untracked |  0
|  80|0x000000070ec00000, 0x000000070ec00000, 0x000000070ee00000|  0%| F|  |TAMS 0x000000070ec00000| PB 0x000000070ec00000| Untracked |  0
|  81|0x000000070ee00000, 0x000000070ee00000, 0x000000070f000000|  0%| F|  |TAMS 0x000000070ee00000| PB 0x000000070ee00000| Untracked |  0
|  82|0x000000070f000000, 0x000000070f000000, 0x000000070f200000|  0%| F|  |TAMS 0x000000070f000000| PB 0x000000070f000000| Untracked |  0
|  83|0x000000070f200000, 0x000000070f200000, 0x000000070f400000|  0%| F|  |TAMS 0x000000070f200000| PB 0x000000070f200000| Untracked |  0
|  84|0x000000070f400000, 0x000000070f400000, 0x000000070f600000|  0%| F|  |TAMS 0x000000070f400000| PB 0x000000070f400000| Untracked |  0
|  85|0x000000070f600000, 0x000000070f600000, 0x000000070f800000|  0%| F|  |TAMS 0x000000070f600000| PB 0x000000070f600000| Untracked |  0
|  86|0x000000070f800000, 0x000000070f800000, 0x000000070fa00000|  0%| F|  |TAMS 0x000000070f800000| PB 0x000000070f800000| Untracked |  0
|  87|0x000000070fa00000, 0x000000070fa00000, 0x000000070fc00000|  0%| F|  |TAMS 0x000000070fa00000| PB 0x000000070fa00000| Untracked |  0
|  88|0x000000070fc00000, 0x000000070fc00000, 0x000000070fe00000|  0%| F|  |TAMS 0x000000070fc00000| PB 0x000000070fc00000| Untracked |  0
|  89|0x000000070fe00000, 0x000000070fe00000, 0x0000000710000000|  0%| F|  |TAMS 0x000000070fe00000| PB 0x000000070fe00000| Untracked |  0
|  90|0x0000000710000000, 0x0000000710000000, 0x0000000710200000|  0%| F|  |TAMS 0x0000000710000000| PB 0x0000000710000000| Untracked |  0
|  91|0x0000000710200000, 0x0000000710200000, 0x0000000710400000|  0%| F|  |TAMS 0x0000000710200000| PB 0x0000000710200000| Untracked |  0
|  92|0x0000000710400000, 0x0000000710400000, 0x0000000710600000|  0%| F|  |TAMS 0x0000000710400000| PB 0x0000000710400000| Untracked |  0
|  93|0x0000000710600000, 0x0000000710600000, 0x0000000710800000|  0%| F|  |TAMS 0x0000000710600000| PB 0x0000000710600000| Untracked |  0
|  94|0x0000000710800000, 0x0000000710800000, 0x0000000710a00000|  0%| F|  |TAMS 0x0000000710800000| PB 0x0000000710800000| Untracked |  0
|  95|0x0000000710a00000, 0x0000000710a00000, 0x0000000710c00000|  0%| F|  |TAMS 0x0000000710a00000| PB 0x0000000710a00000| Untracked |  0
|  96|0x0000000710c00000, 0x0000000710c00000, 0x0000000710e00000|  0%| F|  |TAMS 0x0000000710c00000| PB 0x0000000710c00000| Untracked |  0
|  97|0x0000000710e00000, 0x0000000710e00000, 0x0000000711000000|  0%| F|  |TAMS 0x0000000710e00000| PB 0x0000000710e00000| Untracked |  0
|  98|0x0000000711000000, 0x0000000711000000, 0x0000000711200000|  0%| F|  |TAMS 0x0000000711000000| PB 0x0000000711000000| Untracked |  0
|  99|0x0000000711200000, 0x0000000711200000, 0x0000000711400000|  0%| F|  |TAMS 0x0000000711200000| PB 0x0000000711200000| Untracked |  0
| 100|0x0000000711400000, 0x0000000711400000, 0x0000000711600000|  0%| F|  |TAMS 0x0000000711400000| PB 0x0000000711400000| Untracked |  0
| 101|0x0000000711600000, 0x0000000711600000, 0x0000000711800000|  0%| F|  |TAMS 0x0000000711600000| PB 0x0000000711600000| Untracked |  0
| 102|0x0000000711800000, 0x0000000711800000, 0x0000000711a00000|  0%| F|  |TAMS 0x0000000711800000| PB 0x0000000711800000| Untracked |  0
| 103|0x0000000711a00000, 0x0000000711a00000, 0x0000000711c00000|  0%| F|  |TAMS 0x0000000711a00000| PB 0x0000000711a00000| Untracked |  0
| 104|0x0000000711c00000, 0x0000000711c00000, 0x0000000711e00000|  0%| F|  |TAMS 0x0000000711c00000| PB 0x0000000711c00000| Untracked |  0
| 105|0x0000000711e00000, 0x0000000711e00000, 0x0000000712000000|  0%| F|  |TAMS 0x0000000711e00000| PB 0x0000000711e00000| Untracked |  0
| 106|0x0000000712000000, 0x0000000712000000, 0x0000000712200000|  0%| F|  |TAMS 0x0000000712000000| PB 0x0000000712000000| Untracked |  0
| 107|0x0000000712200000, 0x0000000712200000, 0x0000000712400000|  0%| F|  |TAMS 0x0000000712200000| PB 0x0000000712200000| Untracked |  0
| 108|0x0000000712400000, 0x0000000712400000, 0x0000000712600000|  0%| F|  |TAMS 0x0000000712400000| PB 0x0000000712400000| Untracked |  0
| 109|0x0000000712600000, 0x0000000712600000, 0x0000000712800000|  0%| F|  |TAMS 0x0000000712600000| PB 0x0000000712600000| Untracked |  0
| 110|0x0000000712800000, 0x0000000712800000, 0x0000000712a00000|  0%| F|  |TAMS 0x0000000712800000| PB 0x0000000712800000| Untracked |  0
| 111|0x0000000712a00000, 0x0000000712c00000, 0x0000000712c00000|100%| E|  |TAMS 0x0000000712a00000| PB 0x0000000712a00000| Complete |  0
| 112|0x0000000712c00000, 0x0000000712e00000, 0x0000000712e00000|100%| E|CS|TAMS 0x0000000712c00000| PB 0x0000000712c00000| Complete |  0
| 113|0x0000000712e00000, 0x0000000713000000, 0x0000000713000000|100%| E|  |TAMS 0x0000000712e00000| PB 0x0000000712e00000| Complete |  0
| 114|0x0000000713000000, 0x0000000713200000, 0x0000000713200000|100%| E|CS|TAMS 0x0000000713000000| PB 0x0000000713000000| Complete |  0
| 115|0x0000000713200000, 0x0000000713400000, 0x0000000713400000|100%| E|CS|TAMS 0x0000000713200000| PB 0x0000000713200000| Complete |  0
| 116|0x0000000713400000, 0x0000000713600000, 0x0000000713600000|100%| E|CS|TAMS 0x0000000713400000| PB 0x0000000713400000| Complete |  0
| 117|0x0000000713600000, 0x0000000713800000, 0x0000000713800000|100%| E|CS|TAMS 0x0000000713600000| PB 0x0000000713600000| Complete |  0
| 118|0x0000000713800000, 0x0000000713a00000, 0x0000000713a00000|100%| E|CS|TAMS 0x0000000713800000| PB 0x0000000713800000| Complete |  0
| 119|0x0000000713a00000, 0x0000000713c00000, 0x0000000713c00000|100%| E|CS|TAMS 0x0000000713a00000| PB 0x0000000713a00000| Complete |  0
| 120|0x0000000713c00000, 0x0000000713e00000, 0x0000000713e00000|100%| E|CS|TAMS 0x0000000713c00000| PB 0x0000000713c00000| Complete |  0
| 121|0x0000000713e00000, 0x0000000714000000, 0x0000000714000000|100%| E|CS|TAMS 0x0000000713e00000| PB 0x0000000713e00000| Complete |  0
| 122|0x0000000714000000, 0x0000000714200000, 0x0000000714200000|100%| E|CS|TAMS 0x0000000714000000| PB 0x0000000714000000| Complete |  0
| 123|0x0000000714200000, 0x0000000714400000, 0x0000000714400000|100%| E|CS|TAMS 0x0000000714200000| PB 0x0000000714200000| Complete |  0
| 124|0x0000000714400000, 0x0000000714600000, 0x0000000714600000|100%| E|CS|TAMS 0x0000000714400000| PB 0x0000000714400000| Complete |  0
| 125|0x0000000714600000, 0x0000000714800000, 0x0000000714800000|100%| E|CS|TAMS 0x0000000714600000| PB 0x0000000714600000| Complete |  0
|2009|0x00000007ffe00000, 0x00000007fff256a0, 0x0000000800000000| 57%| O|  |TAMS 0x00000007ffe00000| PB 0x00000007ffe00000| Untracked |  0

Card table byte_map: [0x0000025877050000,0x0000025877830000] _byte_map_base: 0x000002587382a000

Marking Bits: (CMBitMap*) 0x000002585eb04960
 Bits: [0x0000025877830000, 0x000002587b700000)

Polling page: 0x000002585c8e0000

Metaspace:
Metaspace        used 9037K, committed 9216K, reserved 1114112K
 class space     used 881K, committed 960K, reserved 1048576K

Usage:
  Non-class:      7.97 MB used.
      Class:    881.45 KB used.
       Both:      8.83 MB used.

Virtual space:
  Non-class space:       64.00 MB reserved,       8.06 MB ( 13%) committed,  1 nodes.
      Class space:        1.00 GB reserved,     960.00 KB ( <1%) committed,  1 nodes.
             Both:        1.06 GB reserved,       9.00 MB ( <1%) committed. 

Chunk freelists:
   Non-Class:  7.92 MB
       Class:  15.02 MB
        Both:  22.94 MB

MaxMetaspaceSize: unlimited
CompressedClassSpaceSize: 1.00 GB
Initial GC threshold: 21.00 MB
Current GC threshold: 21.00 MB
CDS: on
 - commit_granule_bytes: 65536.
 - commit_granule_words: 8192.
 - virtual_space_node_default_size: 8388608.
 - enlarge_chunks_in_place: 1.
UseCompressedClassPointers 1, UseCompactObjectHeaders 0
Narrow klass pointer bits 32, Max shift 3
Narrow klass base: 0x000000009d000000, Narrow klass shift: 0
Encoding Range: [0x000000009d000000 - 0x000000019d000000), (4294967296 bytes)
Klass Range:    [0x000000009d010000 - 0x00000000de000000), (1090453504 bytes)
Klass ID Range:  [65536 - 1090519033) (1090453497)
Protection zone: [0x000000009d000000 - 0x000000009d010000), (65536 bytes)


Internal statistics:

num_allocs_failed_limit: 0.
num_arena_births: 60.
num_arena_deaths: 0.
num_vsnodes_births: 2.
num_vsnodes_deaths: 0.
num_space_committed: 143.
num_space_uncommitted: 0.
num_chunks_returned_to_freelist: 0.
num_chunks_taken_from_freelist: 234.
num_chunk_merges: 0.
num_chunk_splits: 151.
num_chunks_enlarged: 107.
num_inconsistent_stats: 0.

CodeHeap 'non-profiled nmethods': size=120064Kb used=371Kb max_used=371Kb free=119692Kb
 bounds [0x000002586ede0000, 0x000002586f050000, 0x0000025876320000]
CodeHeap 'profiled nmethods': size=120000Kb used=2482Kb max_used=2482Kb free=117517Kb
 bounds [0x0000025867320000, 0x0000025867590000, 0x000002586e850000]
CodeHeap 'non-nmethods': size=5696Kb used=1404Kb max_used=1421Kb free=4291Kb
 bounds [0x000002586e850000, 0x000002586eac0000, 0x000002586ede0000]
CodeCache: size=245760Kb, used=4257Kb, max_used=4274Kb, free=241500Kb
 total_blobs=2082, nmethods=1555, adapters=430, full_count=0
Compilation: enabled, stopped_count=0, restarted_count=0

Compilation events (20 events):
Event: 8.486 Thread 0x000002587e350a60 nmethod 1536 0x0000025867589108 code [0x0000025867589200, 0x00000258675895e0]
Event: 8.486 Thread 0x000002587e350a60 1541       3       jdk.internal.classfile.impl.SplitConstantPool::utf8Entry (6 bytes)
Event: 8.486 Thread 0x000002587e350a60 nmethod 1541 0x0000025867589608 code [0x0000025867589700, 0x0000025867589b08]
Event: 8.486 Thread 0x000002587e350a60 1542       3       java.util.regex.Pattern$BitClass::add (97 bytes)
Event: 8.487 Thread 0x000002587e350a60 nmethod 1542 0x0000025867589b88 code [0x0000025867589c80, 0x000002586758a560]
Event: 8.488 Thread 0x000002587e350a60 1543       3       java.lang.invoke.MethodHandle::isBuiltinLoader (24 bytes)
Event: 8.489 Thread 0x000002587e350a60 nmethod 1543 0x000002586758a588 code [0x000002586758a680, 0x000002586758a8d8]
Event: 8.489 Thread 0x000002587e350a60 1544       3       java.lang.CharacterDataLatin1::toLowerCase (44 bytes)
Event: 8.489 Thread 0x000002587e350a60 nmethod 1544 0x000002586758a908 code [0x000002586758aa00, 0x000002586758ac48]
Event: 8.490 Thread 0x000002587e350a60 1545       3       java.util.regex.Pattern::skip (23 bytes)
Event: 8.491 Thread 0x000002587e350a60 nmethod 1545 0x000002586758ac88 code [0x000002586758ad80, 0x000002586758aec8]
Event: 8.504 Thread 0x000002587e32d0e0 1546       4       java.util.jar.JarFile::getVersionedEntry (114 bytes)
Event: 8.522 Thread 0x000002587e350a60 1547       3       java.lang.ref.Reference::<init> (7 bytes)
Event: 8.523 Thread 0x000002587e350a60 nmethod 1547 0x000002586758af88 code [0x000002586758b080, 0x000002586758b338]
Event: 8.745 Thread 0x000002587e350a60 1550       3       java.util.Arrays$ArrayList::size (6 bytes)
Event: 8.745 Thread 0x000002587e350a60 nmethod 1550 0x000002586758b388 code [0x000002586758b480, 0x000002586758b598]
Event: 8.745 Thread 0x000002587e350a60 1551       3       java.util.AbstractList$Itr::hasNext (20 bytes)
Event: 8.745 Thread 0x000002587e350a60 nmethod 1551 0x000002586758b688 code [0x000002586758b780, 0x000002586758b9a8]
Event: 8.746 Thread 0x000002587e350a60 1549       1       java.lang.Thread::getName (5 bytes)
Event: 8.746 Thread 0x000002587e350a60 nmethod 1549 0x000002586ee3c208 code [0x000002586ee3c300, 0x000002586ee3c3c8]

GC Heap Usage History (0 events):
No events

Metaspace Usage History (0 events):
No events

Dll operation events (5 events):
Event: 0.095 Loaded shared library C:\Program Files\Java\jdk-25\bin\java.dll
Event: 0.593 Loaded shared library C:\Program Files\Java\jdk-25\bin\net.dll
Event: 0.608 Loaded shared library C:\Program Files\Java\jdk-25\bin\nio.dll
Event: 0.645 Loaded shared library C:\Program Files\Java\jdk-25\bin\zip.dll
Event: 0.765 Loaded shared library C:\Program Files\Java\jdk-25\bin\jimage.dll

Deoptimization events (20 events):
Event: 8.474 Thread 0x000002585c5d65a0 Uncommon trap: trap_request=0xffffff45 fr.pc=0x000002586edf0770 relative=0x0000000000000070
Event: 8.474 Thread 0x000002585c5d65a0 Uncommon trap: reason=unstable_if action=reinterpret pc=0x000002586edf0770 method=java.lang.CharacterDataLatin1.toLowerCase(I)I @ 23 c2
Event: 8.474 Thread 0x000002585c5d65a0 DEOPT PACKING pc=0x000002586edf0770 sp=0x000000c685cfc900
Event: 8.474 Thread 0x000002585c5d65a0 DEOPT UNPACKING pc=0x000002586e8dcf82 sp=0x000000c685cfc890 mode 2
Event: 8.481 Thread 0x000002585c5d65a0 Uncommon trap: trap_request=0xffffffd6 fr.pc=0x000002586ee3aab4 relative=0x0000000000000614
Event: 8.481 Thread 0x000002585c5d65a0 Uncommon trap: reason=array_check action=maybe_recompile pc=0x000002586ee3aab4 method=jdk.internal.classfile.impl.SplitConstantPool.internalAdd(Ljava/lang/classfile/constantpool/PoolEntry;I)Ljava/lang/classfile/constantpool/PoolEntry; @ 46 c2
Event: 8.481 Thread 0x000002585c5d65a0 DEOPT PACKING pc=0x000002586ee3aab4 sp=0x000000c685cfbb80
Event: 8.481 Thread 0x000002585c5d65a0 DEOPT UNPACKING pc=0x000002586e8dcf82 sp=0x000000c685cfbb10 mode 2
Event: 8.481 Thread 0x000002585c5d65a0 Uncommon trap: trap_request=0xffffffd6 fr.pc=0x000002586ee3aab4 relative=0x0000000000000614
Event: 8.481 Thread 0x000002585c5d65a0 Uncommon trap: reason=array_check action=maybe_recompile pc=0x000002586ee3aab4 method=jdk.internal.classfile.impl.SplitConstantPool.internalAdd(Ljava/lang/classfile/constantpool/PoolEntry;I)Ljava/lang/classfile/constantpool/PoolEntry; @ 46 c2
Event: 8.481 Thread 0x000002585c5d65a0 DEOPT PACKING pc=0x000002586ee3aab4 sp=0x000000c685cfbb80
Event: 8.481 Thread 0x000002585c5d65a0 DEOPT UNPACKING pc=0x000002586e8dcf82 sp=0x000000c685cfbb10 mode 2
Event: 8.481 Thread 0x000002585c5d65a0 Uncommon trap: trap_request=0xffffffd6 fr.pc=0x000002586ee3aab4 relative=0x0000000000000614
Event: 8.481 Thread 0x000002585c5d65a0 Uncommon trap: reason=array_check action=maybe_recompile pc=0x000002586ee3aab4 method=jdk.internal.classfile.impl.SplitConstantPool.internalAdd(Ljava/lang/classfile/constantpool/PoolEntry;I)Ljava/lang/classfile/constantpool/PoolEntry; @ 46 c2
Event: 8.481 Thread 0x000002585c5d65a0 DEOPT PACKING pc=0x000002586ee3aab4 sp=0x000000c685cfb9e0
Event: 8.481 Thread 0x000002585c5d65a0 DEOPT UNPACKING pc=0x000002586e8dcf82 sp=0x000000c685cfb970 mode 2
Event: 8.481 Thread 0x000002585c5d65a0 Uncommon trap: trap_request=0xffffffd6 fr.pc=0x000002586ee3aab4 relative=0x0000000000000614
Event: 8.481 Thread 0x000002585c5d65a0 Uncommon trap: reason=array_check action=maybe_recompile pc=0x000002586ee3aab4 method=jdk.internal.classfile.impl.SplitConstantPool.internalAdd(Ljava/lang/classfile/constantpool/PoolEntry;I)Ljava/lang/classfile/constantpool/PoolEntry; @ 46 c2
Event: 8.481 Thread 0x000002585c5d65a0 DEOPT PACKING pc=0x000002586ee3aab4 sp=0x000000c685cfb930
Event: 8.481 Thread 0x000002585c5d65a0 DEOPT UNPACKING pc=0x000002586e8dcf82 sp=0x000000c685cfb8c0 mode 2

Classes loaded (20 events):
Event: 8.269 Loading class com/sun/org/apache/xerces/internal/impl/xs/AttributePSVImpl
Event: 8.269 Loading class com/sun/org/apache/xerces/internal/xs/AttributePSVI
Event: 8.270 Loading class com/sun/org/apache/xerces/internal/xs/AttributePSVI done
Event: 8.270 Loading class com/sun/org/apache/xerces/internal/impl/xs/AttributePSVImpl done
Event: 8.291 Loading class java/util/regex/Pattern$Bound
Event: 8.294 Loading class java/util/regex/Pattern$Bound done
Event: 8.294 Loading class java/util/regex/Pattern$Loop
Event: 8.294 Loading class java/util/regex/Pattern$Loop done
Event: 8.294 Loading class java/util/regex/Pattern$Prolog
Event: 8.294 Loading class java/util/regex/Pattern$Prolog done
Event: 8.309 Loading class jdk/internal/loader/URLClassPath$FileLoader$1
Event: 8.309 Loading class jdk/internal/loader/URLClassPath$FileLoader$1 done
Event: 8.319 Loading class java/util/Scanner
Event: 8.321 Loading class java/util/Scanner done
Event: 8.330 Loading class java/util/Scanner$PatternLRUCache
Event: 8.330 Loading class java/util/Scanner$PatternLRUCache done
Event: 8.335 Loading class java/util/regex/Matcher$ImmutableMatchResult
Event: 8.335 Loading class java/util/regex/Matcher$ImmutableMatchResult done
Event: 8.474 Loading class java/util/regex/Pattern$SliceU
Event: 8.475 Loading class java/util/regex/Pattern$SliceU done

Classes unloaded (0 events):
No events

Classes redefined (0 events):
No events

Internal exceptions (11 events):
Event: 2.747 Thread 0x000002585c5d65a0 Exception <a 'java/lang/NoSuchMethodError'{0x00000007141f5948}: 'java.lang.Object java.lang.invoke.DirectMethodHandle$Holder.invokeStaticInit(java.lang.Object)'> (0x00000007141f5948) 
thrown [s\open\src\hotspot\share\interpreter\linkResolver.cpp, line 804]
Event: 3.132 Thread 0x000002585c5d65a0 Exception <a 'java/lang/NoSuchMethodError'{0x0000000713ff7370}: 'void java.lang.invoke.DirectMethodHandle$Holder.invokeStatic(java.lang.Object, java.lang.Object, java.lang.Object)'> (0x0000000713ff7370) 
thrown [s\open\src\hotspot\share\interpreter\linkResolver.cpp, line 804]
Event: 3.209 Thread 0x000002585c5d65a0 Exception <a 'java/lang/NoSuchMethodError'{0x0000000713c1f5f0}: 'java.lang.Object java.lang.invoke.DirectMethodHandle$Holder.invokeInterface(java.lang.Object, java.lang.Object)'> (0x0000000713c1f5f0) 
thrown [s\open\src\hotspot\share\interpreter\linkResolver.cpp, line 804]
Event: 3.879 Thread 0x000002585c5d65a0 Exception <a 'java/lang/NoSuchMethodError'{0x0000000713a565d0}: 'void java.lang.invoke.DirectMethodHandle$Holder.invokeSpecialIFC(java.lang.Object, java.lang.Object, java.lang.Object, java.lang.Object, java.lang.Object)'> (0x0000000713a565d0) 
thrown [s\open\src\hotspot\share\interpreter\linkResolver.cpp, line 804]
Event: 3.885 Thread 0x000002585c5d65a0 Exception <a 'java/lang/NoSuchMethodError'{0x0000000713a67618}: 'void java.lang.invoke.DirectMethodHandle$Holder.invokeStatic(java.lang.Object, java.lang.Object, java.lang.Object, java.lang.Object)'> (0x0000000713a67618) 
thrown [s\open\src\hotspot\share\interpreter\linkResolver.cpp, line 804]
Event: 4.054 Thread 0x000002585c5d65a0 Exception <a 'java/lang/NoSuchMethodError'{0x0000000713b23b30}: 'java.lang.Object java.lang.invoke.DirectMethodHandle$Holder.invokeStaticInit(java.lang.Object, java.lang.Object, java.lang.Object)'> (0x0000000713b23b30) 
thrown [s\open\src\hotspot\share\interpreter\linkResolver.cpp, line 804]
Event: 4.308 Thread 0x000002585c5d65a0 Exception <a 'java/lang/NoSuchMethodError'{0x000000071388cfc0}: 'void java.lang.invoke.DirectMethodHandle$Holder.invokeSpecial(java.lang.Object, java.lang.Object, java.lang.Object)'> (0x000000071388cfc0) 
thrown [s\open\src\hotspot\share\interpreter\linkResolver.cpp, line 804]
Event: 4.484 Thread 0x000002585c5d65a0 Exception <a 'java/lang/NoSuchMethodError'{0x00000007139ab920}: 'int java.lang.invoke.DirectMethodHandle$Holder.invokeVirtual(java.lang.Object, java.lang.Object, java.lang.Object, java.lang.Object)'> (0x00000007139ab920) 
thrown [s\open\src\hotspot\share\interpreter\linkResolver.cpp, line 804]
Event: 7.067 Thread 0x000002585c5d65a0 Exception <a 'java/lang/NoSuchMethodError'{0x00000007135c8ea8}: 'java.lang.Object java.lang.invoke.DelegatingMethodHandle$Holder.reinvoke_L(java.lang.Object, java.lang.Object, java.lang.Object, long, java.lang.Object)'> (0x00000007135c8ea8) 
thrown [s\open\src\hotspot\share\interpreter\linkResolver.cpp, line 804]
Event: 7.074 Thread 0x000002585c5d65a0 Exception <a 'java/lang/NoSuchMethodError'{0x00000007135d9500}: 'java.lang.Object java.lang.invoke.Invokers$Holder.linkToTargetMethod(java.lang.Object, long, java.lang.Object, java.lang.Object)'> (0x00000007135d9500) 
thrown [s\open\src\hotspot\share\interpreter\linkResolver.cpp, line 804]
Event: 8.091 Thread 0x000002585c5d65a0 Exception <a 'java/lang/ClassNotFoundException'{0x0000000712d8fc70}: com/sun/org/apache/xerces/internal/impl/xpath/regex/spi/messageProvider> (0x0000000712d8fc70) 
thrown [s\open\src\hotspot\share\classfile\systemDictionary.cpp, line 327]

VM Operations (20 events):
Event: 4.340 Executing non-safepoint VM operation: HandshakeAllThreads (Deoptimize)
Event: 4.340 Executing non-safepoint VM operation: HandshakeAllThreads (Deoptimize) done
Event: 6.853 Executing non-safepoint VM operation: HandshakeAllThreads (Deoptimize)
Event: 6.853 Executing non-safepoint VM operation: HandshakeAllThreads (Deoptimize) done
Event: 6.868 Executing non-safepoint VM operation: HandshakeAllThreads (Deoptimize)
Event: 6.868 Executing non-safepoint VM operation: HandshakeAllThreads (Deoptimize) done
Event: 6.910 Executing non-safepoint VM operation: HandshakeAllThreads (Deoptimize)
Event: 6.910 Executing non-safepoint VM operation: HandshakeAllThreads (Deoptimize) done
Event: 7.733 Executing safepoint VM operation: ThreadDump
Event: 7.733 Executing safepoint VM operation: ThreadDump done
Event: 7.805 Executing non-safepoint VM operation: HandshakeAllThreads (Deoptimize)
Event: 7.805 Executing non-safepoint VM operation: HandshakeAllThreads (Deoptimize) done
Event: 8.212 Executing non-safepoint VM operation: HandshakeAllThreads (Deoptimize)
Event: 8.212 Executing non-safepoint VM operation: HandshakeAllThreads (Deoptimize) done
Event: 8.309 Executing non-safepoint VM operation: HandshakeAllThreads (Deoptimize)
Event: 8.309 Executing non-safepoint VM operation: HandshakeAllThreads (Deoptimize) done
Event: 8.311 Executing non-safepoint VM operation: HandshakeAllThreads (Deoptimize)
Event: 8.311 Executing non-safepoint VM operation: HandshakeAllThreads (Deoptimize) done
Event: 8.744 Executing safepoint VM operation: ThreadDump
Event: 8.744 Executing safepoint VM operation: ThreadDump done

Memory protections (0 events):
No events

Nmethod flushes (0 events):
No events

Events (17 events):
Event: 0.407 Thread 0x000002585c5d65a0 Thread added: 0x000002585c5d65a0
Event: 0.498 Thread 0x000002585c5d65a0 Thread added: 0x000002587e31a1e0
Event: 0.499 Thread 0x000002585c5d65a0 Thread added: 0x000002587e31b7c0
Event: 0.500 Thread 0x000002585c5d65a0 Thread added: 0x000002587e31e060
Event: 0.500 Thread 0x000002585c5d65a0 Thread added: 0x000002587e31ec20
Event: 0.500 Thread 0x000002585c5d65a0 Thread added: 0x000002587e31f7e0
Event: 0.503 Thread 0x000002585c5d65a0 Thread added: 0x000002587e3203a0
Event: 0.503 Thread 0x000002585c5d65a0 Thread added: 0x000002587e32d0e0
Event: 0.506 Thread 0x000002585c5d65a0 Thread added: 0x000002587e350a60
Event: 0.536 Thread 0x000002585c5d65a0 Thread added: 0x000002587e40ddc0
Event: 0.563 Thread 0x000002585c5d65a0 Thread added: 0x000002587e41b1d0
Event: 6.920 Thread 0x000002587e350a60 Thread added: 0x000002587e3bea60
Event: 7.161 Thread 0x000002587e3bea60 Thread exited: 0x000002587e3bea60
Event: 7.700 Thread 0x000002587e32d0e0 Thread added: 0x000002587e3d2870
Event: 7.732 Thread 0x000002585c5d65a0 Thread added: 0x000002587e3d44b0
Event: 7.766 Thread 0x000002585c5d65a0 Thread added: 0x000002587e5d6350
Event: 7.949 Thread 0x000002587e3d2870 Thread exited: 0x000002587e3d2870


Dynamic libraries:
0x00007ff640ab0000 - 0x00007ff640ac0000 	C:\Program Files\Java\jdk-25\bin\java.EXE
0x00007ffd8c560000 - 0x00007ffd8c7c8000 	C:\WINDOWS\SYSTEM32\ntdll.dll
0x00007ffd8ba20000 - 0x00007ffd8bae9000 	C:\WINDOWS\System32\KERNEL32.DLL
0x00007ffd89d80000 - 0x00007ffd8a178000 	C:\WINDOWS\System32\KERNELBASE.dll
0x00007ffd898d0000 - 0x00007ffd89a1b000 	C:\WINDOWS\System32\ucrtbase.dll
0x00007ffc86f40000 - 0x00007ffc86f57000 	C:\Program Files\Java\jdk-25\bin\jli.dll
0x00007ffc87270000 - 0x00007ffc8728e000 	C:\Program Files\Java\jdk-25\bin\VCRUNTIME140.dll
0x00007ffd8b040000 - 0x00007ffd8b207000 	C:\WINDOWS\System32\USER32.dll
0x00007ffd8a180000 - 0x00007ffd8a1a7000 	C:\WINDOWS\System32\win32u.dll
0x00007ffd8a300000 - 0x00007ffd8a32b000 	C:\WINDOWS\System32\GDI32.dll
0x00007ffd89c50000 - 0x00007ffd89d7c000 	C:\WINDOWS\System32\gdi32full.dll
0x00007ffd89820000 - 0x00007ffd898c3000 	C:\WINDOWS\System32\msvcp_win.dll
0x00007ffd6cb70000 - 0x00007ffd6ce04000 	C:\WINDOWS\WinSxS\amd64_microsoft.windows.common-controls_6595b64144ccf1df_6.0.26100.7019_none_3e06ffa0e335b8a8\COMCTL32.dll
0x00007ffd8af90000 - 0x00007ffd8b039000 	C:\WINDOWS\System32\msvcrt.dll
0x00007ffd8baf0000 - 0x00007ffd8bb21000 	C:\WINDOWS\System32\IMM32.DLL
0x00007ffc95560000 - 0x00007ffc9556c000 	C:\Program Files\Java\jdk-25\bin\vcruntime140_1.dll
0x00007ffc86eb0000 - 0x00007ffc86f3d000 	C:\Program Files\Java\jdk-25\bin\msvcp140.dll
0x00007ffc5b860000 - 0x00007ffc5c6bf000 	C:\Program Files\Java\jdk-25\bin\server\jvm.dll
0x00007ffd8a480000 - 0x00007ffd8a534000 	C:\WINDOWS\System32\ADVAPI32.dll
0x00007ffd8b970000 - 0x00007ffd8ba16000 	C:\WINDOWS\System32\sechost.dll
0x00007ffd8a780000 - 0x00007ffd8a898000 	C:\WINDOWS\System32\RPCRT4.dll
0x00007ffd8bfe0000 - 0x00007ffd8c054000 	C:\WINDOWS\System32\WS2_32.dll
0x00007ffd89510000 - 0x00007ffd8956e000 	C:\WINDOWS\SYSTEM32\POWRPROF.dll
0x00007ffd7e5f0000 - 0x00007ffd7e625000 	C:\WINDOWS\SYSTEM32\WINMM.dll
0x00007ffd6e710000 - 0x00007ffd6e71b000 	C:\WINDOWS\SYSTEM32\VERSION.dll
0x00007ffd894f0000 - 0x00007ffd89504000 	C:\WINDOWS\SYSTEM32\UMPDC.dll
0x00007ffd88450000 - 0x00007ffd8846b000 	C:\WINDOWS\SYSTEM32\kernel.appcore.dll
0x00007ffc875b0000 - 0x00007ffc875ba000 	C:\Program Files\Java\jdk-25\bin\jimage.dll
0x00007ffd86de0000 - 0x00007ffd87022000 	C:\WINDOWS\SYSTEM32\DBGHELP.DLL
0x00007ffd8bb30000 - 0x00007ffd8bebb000 	C:\WINDOWS\System32\combase.dll
0x00007ffd8a5c0000 - 0x00007ffd8a697000 	C:\WINDOWS\System32\OLEAUT32.dll
0x00007ffd6a960000 - 0x00007ffd6a99c000 	C:\WINDOWS\SYSTEM32\dbgcore.DLL
0x00007ffd89ba0000 - 0x00007ffd89c45000 	C:\WINDOWS\System32\bcryptPrimitives.dll
0x00007ffc86e90000 - 0x00007ffc86eaf000 	C:\Program Files\Java\jdk-25\bin\java.dll
0x00007ffd8c060000 - 0x00007ffd8c1f7000 	C:\WINDOWS\System32\ole32.dll
0x00007ffd8b210000 - 0x00007ffd8b95f000 	C:\WINDOWS\System32\SHELL32.dll
0x00007ffd896b0000 - 0x00007ffd8981b000 	C:\WINDOWS\System32\wintypes.dll
0x00007ffd872a0000 - 0x00007ffd87afd000 	C:\WINDOWS\SYSTEM32\windows.storage.dll
0x00007ffd8c2a0000 - 0x00007ffd8c392000 	C:\WINDOWS\System32\SHCORE.dll
0x00007ffd8c200000 - 0x00007ffd8c267000 	C:\WINDOWS\System32\shlwapi.dll
0x00007ffd895d0000 - 0x00007ffd895f9000 	C:\WINDOWS\SYSTEM32\profapi.dll
0x00007ffc86e70000 - 0x00007ffc86e82000 	C:\Program Files\Java\jdk-25\bin\net.dll
0x00007ffd889c0000 - 0x00007ffd88a2b000 	C:\WINDOWS\system32\mswsock.dll
0x00007ffc86e50000 - 0x00007ffc86e66000 	C:\Program Files\Java\jdk-25\bin\nio.dll
0x00007ffc86e30000 - 0x00007ffc86e47000 	C:\Program Files\Java\jdk-25\bin\zip.dll

JVMTI agents: none

dbghelp: loaded successfully - version: 4.0.5 - missing functions: none
symbol engine: initialized successfully - sym options: 0x614 - pdb path: .;C:\Program Files\Java\jdk-25\bin;C:\WINDOWS\SYSTEM32;C:\WINDOWS\WinSxS\amd64_microsoft.windows.common-controls_6595b64144ccf1df_6.0.26100.7019_none_3e06ffa0e335b8a8;C:\Program Files\Java\jdk-25\bin\server

VM Arguments:
java_command: org.languagetool.server.HTTPServer -p 8373
java_class_path (initial): C:\Users\prana\.cache\language_tool_python\LanguageTool-6.8-SNAPSHOT\languagetool-server.jar
Launcher Type: SUN_STANDARD

[Global flags]
     intx CICompilerCount                          = 4                                         {product} {ergonomic}
     uint ConcGCThreads                            = 3                                         {product} {ergonomic}
     uint G1ConcRefinementThreads                  = 10                                        {product} {ergonomic}
   size_t G1HeapRegionSize                         = 2097152                                   {product} {ergonomic}
   size_t InitialHeapSize                          = 264241152                                 {product} {ergonomic}
   size_t MarkStackSize                            = 4194304                                   {product} {ergonomic}
   size_t MarkStackSizeMax                         = 536870912                                 {product} {ergonomic}
   size_t MaxHeapSize                              = 4215275520                                {product} {ergonomic}
   size_t MaxNewSize                               = 2529165312                                {product} {ergonomic}
   size_t MinHeapDeltaBytes                        = 2097152                                   {product} {ergonomic}
   size_t MinHeapSize                              = 8388608                                   {product} {ergonomic}
    uintx NonNMethodCodeHeapSize                   = 5832704                                {pd product} {ergonomic}
    uintx NonProfiledCodeHeapSize                  = 122945536                              {pd product} {ergonomic}
    uintx ProfiledCodeHeapSize                     = 122880000                              {pd product} {ergonomic}
    uintx ReservedCodeCacheSize                    = 251658240                              {pd product} {ergonomic}
     bool SegmentedCodeCache                       = true                                      {product} {ergonomic}
   size_t SoftMaxHeapSize                          = 4215275520                             {manageable} {ergonomic}
     bool UseCompressedOops                        = true                           {product lp64_product} {ergonomic}
     bool UseG1GC                                  = true                                      {product} {ergonomic}
     bool UseLargePagesIndividualAllocation        = false                                  {pd product} {ergonomic}

Logging:
Log output configuration:
 #0: stdout all=warning uptime,level,tags foldmultilines=false
 #1: stderr all=off uptime,level,tags foldmultilines=false

Release file:
IMPLEMENTOR="Oracle Corporation" 
JAVA_RUNTIME_VERSION="25.0.1+8-LTS-27" 
JAVA_VERSION="25.0.1" 
JAVA_VERSION_DATE="2025-10-21" 
LIBC="default" 
MODULES="java.base java.compiler java.datatransfer java.xml java.prefs java.desktop java.instrument java.logging java.management java.security.sasl java.naming java.rmi java.management.rmi java.net.http java.scripting java.security.jgss java.transaction.xa java.sql java.sql.rowset java.xml.crypto java.se java.smartcardio jdk.accessibility jdk.internal.jvmstat jdk.attach jdk.charsets jdk.internal.opt jdk.zipfs jdk.compiler jdk.crypto.cryptoki jdk.crypto.ec jdk.crypto.mscapi jdk.dynalink jdk.internal.ed jdk.editpad jdk.internal.vm.ci jdk.graal.compiler jdk.graal.compiler.management jdk.hotspot.agent jdk.httpserver jdk.incubator.vector jdk.internal.le jdk.internal.md jdk.jartool jdk.javadoc jdk.jcmd jdk.management jdk.management.agent jdk.jconsole jdk.jdeps jdk.jdwp.agent jdk.jdi jdk.jfr jdk.jlink jdk.jpackage jdk.jshell jdk.jsobject jdk.jstatd jdk.localedata jdk.management.jfr jdk.naming.dns jdk.naming.rmi jdk.net jdk.nio.mapmode jdk.sctp jdk.security.auth jdk.security.jgss jdk.unsupported jdk.unsupported.desktop jdk.xml.dom" 
OS_ARCH="x86_64" 
OS_NAME="Windows" 
SOURCE=".:git:862c85bc42b7 open:git:78770bfaefd2" 

Environment Variables:
PATH=C:\Program Files\Common Files\Oracle\Java\javapath;C:\WINDOWS\system32;C:\WINDOWS;C:\WINDOWS\System32\Wbem;C:\WINDOWS\System32\WindowsPowerShell\v1.0\;C:\WINDOWS\System32\OpenSSH\;C:\MinGW\bin;C:\Users\prana\AppData\Local\Packages\PythonSoftwareFoundation.Python.3.13_qbz5n2kfra8p0\LocalCache\local-packages\Python313\Scripts;C:\Program Files\Git\cmd;C:\Program Files\cursor\resources\app\bin;C:\Program Files\nodejs\;C:\Users\prana\AppData\Local\Programs\Python\Launcher\;C:\Users\prana\AppData\Local\Microsoft\WindowsApps;C:\Users\prana\AppData\Local\Programs\Microsoft VS Code\bin;C:\Users\prana\AppData\Local\Programs\Windsurf\bin;C:\Users\prana\AppData\Roaming\npm;c:\Users\prana\.windsurf\extensions\ms-python.debugpy-2025.14.1-win32-x64\bundled\scripts\noConfigScripts
USERNAME=prana
LANG=en_US.UTF-8
OS=Windows_NT
PROCESSOR_IDENTIFIER=Intel64 Family 6 Model 186 Stepping 2, GenuineIntel
TMP=C:\Users\prana\AppData\Local\Temp
TEMP=C:\Users\prana\AppData\Local\Temp




Compilation memory statistics disabled.

Periodic native trim disabled

---------------  S Y S T E M  ---------------

OS:
 Windows 11 , 64 bit Build 26100 (10.0.26100.7019)
OS uptime: 14 days 18:38 hours
Hyper-V role detected

CPU: total 12 (initial active 12) (6 cores per cpu, 2 threads per core) family 6 model 186 stepping 2 microcode 0x4112, cx8, cmov, fxsr, ht, mmx, 3dnowpref, sse, sse2, sse3, ssse3, sse4.1, sse4.2, popcnt, lzcnt, tsc, tscinvbit, avx, avx2, aes, erms, clmul, bmi1, bmi2, adx, sha, fma, vzeroupper, clflush, clflushopt, clwb, hv, serialize, rdtscp, rdpid, fsrm, gfni, f16c, cet_ibt, cet_ss
Processor Information for processor 0
  Max Mhz: 2100, Current Mhz: 2100, Mhz Limit: 2100
Processor Information for processor 1
  Max Mhz: 2100, Current Mhz: 2100, Mhz Limit: 2100
Processor Information for processor 2
  Max Mhz: 2100, Current Mhz: 2100, Mhz Limit: 2100
Processor Information for processor 3
  Max Mhz: 2100, Current Mhz: 2100, Mhz Limit: 2100
Processor Information for processor 4
  Max Mhz: 2100, Current Mhz: 2100, Mhz Limit: 2100
Processor Information for processor 5
  Max Mhz: 2100, Current Mhz: 2100, Mhz Limit: 2100
Processor Information for processor 6
  Max Mhz: 2100, Current Mhz: 2100, Mhz Limit: 2100
Processor Information for processor 7
  Max Mhz: 2100, Current Mhz: 2100, Mhz Limit: 2100
Processor Information for processor 8
  Max Mhz: 2100, Current Mhz: 1500, Mhz Limit: 1491
Processor Information for processor 9
  Max Mhz: 2100, Current Mhz: 1500, Mhz Limit: 1491
Processor Information for processor 10
  Max Mhz: 2100, Current Mhz: 1500, Mhz Limit: 1491
Processor Information for processor 11
  Max Mhz: 2100, Current Mhz: 1500, Mhz Limit: 1491

Memory: 4k page, system-wide physical 16076M (1347M free)
TotalPageFile size 65228M (AvailPageFile size 11M)
current process WorkingSet (physical memory assigned to process): 89M, peak: 89M
current process commit charge ("private bytes"): 365M, peak: 366M

vm_info: Java HotSpot(TM) 64-Bit Server VM (25.0.1+8-LTS-27) for windows-amd64 JRE (25.0.1+8-LTS-27), built on 2025-09-25T16:41:16Z with unknown MS VC++:1943

END.
